<?xml version="1.0" encoding="UTF-8"?>
<!-- Generated by org.testng.reporters.JUnitXMLReporter -->
<testsuite ignored="0" hostname="AadityaadrisMBP" failures="1" tests="1" name="Command line test" time="38.023" errors="0" timestamp="2020-04-18T15:19:23 SGT">
  <testcase classname="Ilex.TestRunner" name="testParallel" time="37.998">
    <failure type="java.lang.AssertionError" message="there are scenario failures">
      <![CDATA[java.lang.AssertionError: there are scenario failures
at Ilex.TestRunner.testParallel(TestRunner.java:28)
at java.base/java.util.ArrayList.forEach(ArrayList.java:1507)
... Removed 38 stack frames]]>
    </failure>
  </testcase> <!-- testParallel -->
</testsuite> <!-- Command line test -->
