<?xml version="1.0" encoding="UTF-8" ?>
<testsuite tests="1" failures="1" name="Ilex.TestRunner" time="38.002" errors="0" skipped="0">
  <properties>
[...]
</properties>
  <testcase classname="Ilex.TestRunner" name="testParallel" time="38.002">
    <failure message="there are scenario failures" type="java.lang.AssertionError">java.lang.AssertionError: there are scenario failures
	at org.testng.AssertJUnit.fail(AssertJUnit.java:47)
	at org.testng.AssertJUnit.assertTrue(AssertJUnit.java:20)
	at Ilex.TestRunner.testParallel(TestRunner.java:28)
</failure>
    <system-out>Configuring TestNG with: org.apache.maven.surefire.testng.conf.TestNG652Configurator@5474c6c
15:18:45.198 [main] INFO  com.intuit.karate.RunnerOptions - found system property &apos;karate.options&apos;: -t @IOI_forthedemo
15:18:45.894 [main] INFO  com.intuit.karate.Runner - Karate version: 0.9.2
15:18:46.365 [pool-1-thread-1] DEBUG com.intuit.karate - request:
1 &gt; POST http://ilex-test-fe-lb-317145507.ap-southeast-1.elb.amazonaws.com/api/trade/login
1 &gt; Accept-Encoding: gzip,deflate
1 &gt; Connection: Keep-Alive
1 &gt; Content-Length: 51
1 &gt; Content-Type: application/json; charset=UTF-8
1 &gt; Host: ilex-test-fe-lb-317145507.ap-southeast-1.elb.amazonaws.com
1 &gt; User-Agent: Apache-HttpClient/4.5.5 (Java/13.0.2)
{&quot;username&quot;:&quot;Buyer@comp.com&quot;,&quot;password&quot;:&quot;password&quot;}

15:18:47.067 [pool-1-thread-1] DEBUG com.intuit.karate - response time in milliseconds: 697.20
1 &lt; 200
1 &lt; Cache-Control: no-cache, no-store, max-age=0, must-revalidate
1 &lt; Connection: keep-alive
1 &lt; Content-Type: application/json;charset=ISO-8859-1
1 &lt; Date: Sat, 18 Apr 2020 07:18:47 GMT
1 &lt; Expires: 0
1 &lt; Pragma: no-cache
1 &lt; Server: nginx/1.17.9
1 &lt; Set-Cookie: SESSION=NWMxMWI4OWYtM2MyMy00YTcwLWI5ZDktN2U3ZWYxMGNmYjBl; Path=/; HttpOnly; SameSite=Lax
1 &lt; Transfer-Encoding: chunked
1 &lt; X-Content-Type-Options: nosniff
1 &lt; X-Frame-Options: DENY
1 &lt; X-XSS-Protection: 1; mode=block
{&quot;firstName&quot;:&quot;Test Buyer&quot;,&quot;lastName&quot;:&quot;Lastname&quot;,&quot;emailAddress&quot;:&quot;Buyer@comp.com&quot;,&quot;role&quot;:[&quot;USER&quot;],&quot;userId&quot;:2,&quot;company&quot;:{&quot;id&quot;:39347,&quot;name&quot;:&quot;Scotiabank&quot;,&quot;legalName&quot;:null,&quot;type&quot;:null,&quot;description&quot;:null,&quot;parentEntity&quot;:null,&quot;country&quot;:null,&quot;website&quot;:null,&quot;logo&quot;:null,&quot;refinitivLenderId&quot;:null,&quot;refinitivParent&quot;:null,&quot;ilexType&quot;:null,&quot;timeZone&quot;:null,&quot;status&quot;:null}}

15:18:47.100 [pool-1-thread-1] INFO  com.intuit.karate - [print]
15:18:47.206 [ForkJoinPool-1-worker-3] DEBUG com.intuit.karate - request:
1 &gt; POST http://ilex-test-fe-lb-317145507.ap-southeast-1.elb.amazonaws.com/api/trade/login
1 &gt; Accept-Encoding: gzip,deflate
1 &gt; Connection: Keep-Alive
1 &gt; Content-Length: 51
1 &gt; Content-Type: application/json; charset=UTF-8
1 &gt; Host: ilex-test-fe-lb-317145507.ap-southeast-1.elb.amazonaws.com
1 &gt; User-Agent: Apache-HttpClient/4.5.5 (Java/13.0.2)
{&quot;username&quot;:&quot;Buyer@comp.com&quot;,&quot;password&quot;:&quot;password&quot;}

15:18:47.520 [ForkJoinPool-1-worker-3] DEBUG com.intuit.karate - response time in milliseconds: 313.55
1 &lt; 200
1 &lt; Cache-Control: no-cache, no-store, max-age=0, must-revalidate
1 &lt; Connection: keep-alive
1 &lt; Content-Type: application/json;charset=ISO-8859-1
1 &lt; Date: Sat, 18 Apr 2020 07:18:47 GMT
1 &lt; Expires: 0
1 &lt; Pragma: no-cache
1 &lt; Server: nginx/1.17.9
1 &lt; Set-Cookie: SESSION=YWU2MzljM2ItYzcwMS00YjI0LWExYTMtODU5NTc2NTdjYjYx; Path=/; HttpOnly; SameSite=Lax
1 &lt; Transfer-Encoding: chunked
1 &lt; X-Content-Type-Options: nosniff
1 &lt; X-Frame-Options: DENY
1 &lt; X-XSS-Protection: 1; mode=block
{&quot;firstName&quot;:&quot;Test Buyer&quot;,&quot;lastName&quot;:&quot;Lastname&quot;,&quot;emailAddress&quot;:&quot;Buyer@comp.com&quot;,&quot;role&quot;:[&quot;USER&quot;],&quot;userId&quot;:2,&quot;company&quot;:{&quot;id&quot;:39347,&quot;name&quot;:&quot;Scotiabank&quot;,&quot;legalName&quot;:null,&quot;type&quot;:null,&quot;description&quot;:null,&quot;parentEntity&quot;:null,&quot;country&quot;:null,&quot;website&quot;:null,&quot;logo&quot;:null,&quot;refinitivLenderId&quot;:null,&quot;refinitivParent&quot;:null,&quot;ilexType&quot;:null,&quot;timeZone&quot;:null,&quot;status&quot;:null}}

15:18:47.524 [ForkJoinPool-1-worker-3] INFO  com.intuit.karate - [print]
*************Hostname******ilex-test-db.cx1qnvkee43t.ap-southeast-1.rds.amazonaws.com
*************Post******5432
*************Databasename******ilextest
Loading driver...
Driver loaded!
SQLException: The connection attempt failed.
SQLState: 08001
VendorError: 0
Closing the connection.
15:18:57.795 [ForkJoinPool-1-worker-3] INFO  com.intuit.karate - [print] DB Cleared
*************Hostname******ilex-test-db.cx1qnvkee43t.ap-southeast-1.rds.amazonaws.com
*************Post******5432
*************Databasename******ilextest
Loading driver...
Driver loaded!
SQLException: The connection attempt failed.
SQLState: 08001
VendorError: 0
Closing the connection.
15:19:07.823 [ForkJoinPool-1-worker-3] INFO  com.intuit.karate - [print] Count After Truncating Database Table-----------------&gt; 0
15:19:07.845 [ForkJoinPool-1-worker-3] DEBUG com.intuit.karate - request:
1 &gt; POST http://ilex-test-fe-lb-317145507.ap-southeast-1.elb.amazonaws.com/api/trade/v1/buyinterests/?action=SUBMITTED
1 &gt; Accept-Encoding: gzip,deflate
1 &gt; Connection: Keep-Alive
1 &gt; Content-Length: 498
1 &gt; Content-Type: application/json; charset=UTF-8
1 &gt; Cookie: SESSION=NWMxMWI4OWYtM2MyMy00YTcwLWI5ZDktN2U3ZWYxMGNmYjBl
1 &gt; Host: ilex-test-fe-lb-317145507.ap-southeast-1.elb.amazonaws.com
1 &gt; User-Agent: Apache-HttpClient/4.5.5 (Java/13.0.2)
{&quot;name&quot;:&quot;ioi-100&quot;,&quot;goodUntil&quot;:null,&quot;borrowers&quot;:[],&quot;industries&quot;:[&quot;Aerospace and Defense&quot;],&quot;countriesOfRisk&quot;:[&quot;AU&quot;],&quot;purposes&quot;:[],&quot;facilitiesType&quot;:[],&quot;currencies&quot;:[],&quot;minSpread&quot;:&quot;0&quot;,&quot;maxSpread&quot;:&quot;300&quot;,&quot;minTicketSize&quot;:&quot;50000000&quot;,&quot;maxTicketSize&quot;:&quot;500000000&quot;,&quot;minResidualTenor&quot;:&quot;3&quot;,&quot;maxResidualTenor&quot;:&quot;10&quot;,&quot;transferTypes&quot;:[],&quot;marketType&quot;:&quot;ANY&quot;,&quot;security&quot;:&quot;ANY&quot;,&quot;seniority&quot;:[],&quot;greenLoan&quot;:&quot;ANY&quot;,&quot;exportCreditAgency&quot;:&quot;ANY&quot;,&quot;parentCountries&quot;:[],&quot;investorType&quot;:[],&quot;filterCompanies&quot;:[],&quot;directInvitations&quot;:[]}

15:19:08.346 [ForkJoinPool-1-worker-3] DEBUG com.intuit.karate - response time in milliseconds: 500.11
1 &lt; 201
1 &lt; Cache-Control: no-cache, no-store, max-age=0, must-revalidate
1 &lt; Connection: keep-alive
1 &lt; Content-Type: application/json
1 &lt; Date: Sat, 18 Apr 2020 07:19:08 GMT
1 &lt; Expires: 0
1 &lt; Pragma: no-cache
1 &lt; Server: nginx/1.17.9
1 &lt; Transfer-Encoding: chunked
1 &lt; Vary: [Origin, Access-Control-Request-Method, Access-Control-Request-Headers]
1 &lt; X-Content-Type-Options: nosniff
1 &lt; X-Frame-Options: DENY
1 &lt; X-XSS-Protection: 1; mode=block
{&quot;buyInterestId&quot;:551,&quot;name&quot;:&quot;ioi-100&quot;,&quot;goodUntil&quot;:null,&quot;status&quot;:&quot;SUBMITTED&quot;,&quot;borrowers&quot;:[],&quot;industries&quot;:[&quot;Aerospace and Defense&quot;],&quot;countriesOfRisk&quot;:[&quot;AU&quot;],&quot;purposes&quot;:[],&quot;facilitiesType&quot;:[],&quot;minSpread&quot;:&quot;0&quot;,&quot;maxSpread&quot;:&quot;300&quot;,&quot;minResidualTenor&quot;:&quot;3&quot;,&quot;maxResidualTenor&quot;:&quot;10&quot;,&quot;minTicketSize&quot;:&quot;50000000&quot;,&quot;maxTicketSize&quot;:&quot;500000000&quot;,&quot;currencies&quot;:[],&quot;transferTypes&quot;:[],&quot;seniority&quot;:[],&quot;marketType&quot;:&quot;ANY&quot;,&quot;security&quot;:&quot;ANY&quot;,&quot;greenLoan&quot;:&quot;ANY&quot;,&quot;exportCreditAgency&quot;:&quot;ANY&quot;,&quot;parentCountries&quot;:[],&quot;investorType&quot;:[],&quot;filterCompanies&quot;:[],&quot;directInvitations&quot;:[]}

15:19:08.354 [ForkJoinPool-1-worker-3] INFO  com.intuit.karate - [print] ----------IOIID-------------&gt;551
15:19:08.358 [ForkJoinPool-1-worker-3] DEBUG com.intuit.karate - request:
1 &gt; POST http://ilex-test-fe-lb-317145507.ap-southeast-1.elb.amazonaws.com/api/trade/v1/buyinterests/?action=SUBMITTED
1 &gt; Accept-Encoding: gzip,deflate
1 &gt; Connection: Keep-Alive
1 &gt; Content-Length: 498
1 &gt; Content-Type: application/json; charset=UTF-8
1 &gt; Cookie: SESSION=NWMxMWI4OWYtM2MyMy00YTcwLWI5ZDktN2U3ZWYxMGNmYjBl
1 &gt; Host: ilex-test-fe-lb-317145507.ap-southeast-1.elb.amazonaws.com
1 &gt; User-Agent: Apache-HttpClient/4.5.5 (Java/13.0.2)
{&quot;name&quot;:&quot;ioi-100&quot;,&quot;goodUntil&quot;:null,&quot;borrowers&quot;:[],&quot;industries&quot;:[&quot;Aerospace and Defense&quot;],&quot;countriesOfRisk&quot;:[&quot;AU&quot;],&quot;purposes&quot;:[],&quot;facilitiesType&quot;:[],&quot;currencies&quot;:[],&quot;minSpread&quot;:&quot;0&quot;,&quot;maxSpread&quot;:&quot;300&quot;,&quot;minTicketSize&quot;:&quot;50000000&quot;,&quot;maxTicketSize&quot;:&quot;500000000&quot;,&quot;minResidualTenor&quot;:&quot;3&quot;,&quot;maxResidualTenor&quot;:&quot;10&quot;,&quot;transferTypes&quot;:[],&quot;marketType&quot;:&quot;ANY&quot;,&quot;security&quot;:&quot;ANY&quot;,&quot;seniority&quot;:[],&quot;greenLoan&quot;:&quot;ANY&quot;,&quot;exportCreditAgency&quot;:&quot;ANY&quot;,&quot;parentCountries&quot;:[],&quot;investorType&quot;:[],&quot;filterCompanies&quot;:[],&quot;directInvitations&quot;:[]}

15:19:08.669 [ForkJoinPool-1-worker-3] DEBUG com.intuit.karate - response time in milliseconds: 310.59
1 &lt; 201
1 &lt; Cache-Control: no-cache, no-store, max-age=0, must-revalidate
1 &lt; Connection: keep-alive
1 &lt; Content-Type: application/json
1 &lt; Date: Sat, 18 Apr 2020 07:19:08 GMT
1 &lt; Expires: 0
1 &lt; Pragma: no-cache
1 &lt; Server: nginx/1.17.9
1 &lt; Transfer-Encoding: chunked
1 &lt; Vary: [Origin, Access-Control-Request-Method, Access-Control-Request-Headers]
1 &lt; X-Content-Type-Options: nosniff
1 &lt; X-Frame-Options: DENY
1 &lt; X-XSS-Protection: 1; mode=block
{&quot;buyInterestId&quot;:552,&quot;name&quot;:&quot;ioi-100&quot;,&quot;goodUntil&quot;:null,&quot;status&quot;:&quot;SUBMITTED&quot;,&quot;borrowers&quot;:[],&quot;industries&quot;:[&quot;Aerospace and Defense&quot;],&quot;countriesOfRisk&quot;:[&quot;AU&quot;],&quot;purposes&quot;:[],&quot;facilitiesType&quot;:[],&quot;minSpread&quot;:&quot;0&quot;,&quot;maxSpread&quot;:&quot;300&quot;,&quot;minResidualTenor&quot;:&quot;3&quot;,&quot;maxResidualTenor&quot;:&quot;10&quot;,&quot;minTicketSize&quot;:&quot;50000000&quot;,&quot;maxTicketSize&quot;:&quot;500000000&quot;,&quot;currencies&quot;:[],&quot;transferTypes&quot;:[],&quot;seniority&quot;:[],&quot;marketType&quot;:&quot;ANY&quot;,&quot;security&quot;:&quot;ANY&quot;,&quot;greenLoan&quot;:&quot;ANY&quot;,&quot;exportCreditAgency&quot;:&quot;ANY&quot;,&quot;parentCountries&quot;:[],&quot;investorType&quot;:[],&quot;filterCompanies&quot;:[],&quot;directInvitations&quot;:[]}

15:19:08.671 [ForkJoinPool-1-worker-3] INFO  com.intuit.karate - [print] ----------IOIID-------------&gt;552
15:19:08.675 [ForkJoinPool-1-worker-3] DEBUG com.intuit.karate - request:
1 &gt; POST http://ilex-test-fe-lb-317145507.ap-southeast-1.elb.amazonaws.com/api/trade/v1/buyinterests/?action=SUBMITTED
1 &gt; Accept-Encoding: gzip,deflate
1 &gt; Connection: Keep-Alive
1 &gt; Content-Length: 498
1 &gt; Content-Type: application/json; charset=UTF-8
1 &gt; Cookie: SESSION=NWMxMWI4OWYtM2MyMy00YTcwLWI5ZDktN2U3ZWYxMGNmYjBl
1 &gt; Host: ilex-test-fe-lb-317145507.ap-southeast-1.elb.amazonaws.com
1 &gt; User-Agent: Apache-HttpClient/4.5.5 (Java/13.0.2)
{&quot;name&quot;:&quot;ioi-100&quot;,&quot;goodUntil&quot;:null,&quot;borrowers&quot;:[],&quot;industries&quot;:[&quot;Aerospace and Defense&quot;],&quot;countriesOfRisk&quot;:[&quot;AU&quot;],&quot;purposes&quot;:[],&quot;facilitiesType&quot;:[],&quot;currencies&quot;:[],&quot;minSpread&quot;:&quot;0&quot;,&quot;maxSpread&quot;:&quot;300&quot;,&quot;minTicketSize&quot;:&quot;50000000&quot;,&quot;maxTicketSize&quot;:&quot;500000000&quot;,&quot;minResidualTenor&quot;:&quot;3&quot;,&quot;maxResidualTenor&quot;:&quot;10&quot;,&quot;transferTypes&quot;:[],&quot;marketType&quot;:&quot;ANY&quot;,&quot;security&quot;:&quot;ANY&quot;,&quot;seniority&quot;:[],&quot;greenLoan&quot;:&quot;ANY&quot;,&quot;exportCreditAgency&quot;:&quot;ANY&quot;,&quot;parentCountries&quot;:[],&quot;investorType&quot;:[],&quot;filterCompanies&quot;:[],&quot;directInvitations&quot;:[]}

15:19:09.035 [ForkJoinPool-1-worker-3] DEBUG com.intuit.karate - response time in milliseconds: 358.72
1 &lt; 201
1 &lt; Cache-Control: no-cache, no-store, max-age=0, must-revalidate
1 &lt; Connection: keep-alive
1 &lt; Content-Type: application/json
1 &lt; Date: Sat, 18 Apr 2020 07:19:08 GMT
1 &lt; Expires: 0
1 &lt; Pragma: no-cache
1 &lt; Server: nginx/1.17.9
1 &lt; Transfer-Encoding: chunked
1 &lt; Vary: [Origin, Access-Control-Request-Method, Access-Control-Request-Headers]
1 &lt; X-Content-Type-Options: nosniff
1 &lt; X-Frame-Options: DENY
1 &lt; X-XSS-Protection: 1; mode=block
{&quot;buyInterestId&quot;:553,&quot;name&quot;:&quot;ioi-100&quot;,&quot;goodUntil&quot;:null,&quot;status&quot;:&quot;SUBMITTED&quot;,&quot;borrowers&quot;:[],&quot;industries&quot;:[&quot;Aerospace and Defense&quot;],&quot;countriesOfRisk&quot;:[&quot;AU&quot;],&quot;purposes&quot;:[],&quot;facilitiesType&quot;:[],&quot;minSpread&quot;:&quot;0&quot;,&quot;maxSpread&quot;:&quot;300&quot;,&quot;minResidualTenor&quot;:&quot;3&quot;,&quot;maxResidualTenor&quot;:&quot;10&quot;,&quot;minTicketSize&quot;:&quot;50000000&quot;,&quot;maxTicketSize&quot;:&quot;500000000&quot;,&quot;currencies&quot;:[],&quot;transferTypes&quot;:[],&quot;seniority&quot;:[],&quot;marketType&quot;:&quot;ANY&quot;,&quot;security&quot;:&quot;ANY&quot;,&quot;greenLoan&quot;:&quot;ANY&quot;,&quot;exportCreditAgency&quot;:&quot;ANY&quot;,&quot;parentCountries&quot;:[],&quot;investorType&quot;:[],&quot;filterCompanies&quot;:[],&quot;directInvitations&quot;:[]}

15:19:09.037 [ForkJoinPool-1-worker-3] INFO  com.intuit.karate - [print] ----------IOIID-------------&gt;553
15:19:09.041 [ForkJoinPool-1-worker-3] DEBUG com.intuit.karate - request:
1 &gt; POST http://ilex-test-fe-lb-317145507.ap-southeast-1.elb.amazonaws.com/api/trade/v1/buyinterests/?action=SUBMITTED
1 &gt; Accept-Encoding: gzip,deflate
1 &gt; Connection: Keep-Alive
1 &gt; Content-Length: 498
1 &gt; Content-Type: application/json; charset=UTF-8
1 &gt; Cookie: SESSION=NWMxMWI4OWYtM2MyMy00YTcwLWI5ZDktN2U3ZWYxMGNmYjBl
1 &gt; Host: ilex-test-fe-lb-317145507.ap-southeast-1.elb.amazonaws.com
1 &gt; User-Agent: Apache-HttpClient/4.5.5 (Java/13.0.2)
{&quot;name&quot;:&quot;ioi-100&quot;,&quot;goodUntil&quot;:null,&quot;borrowers&quot;:[],&quot;industries&quot;:[&quot;Aerospace and Defense&quot;],&quot;countriesOfRisk&quot;:[&quot;AU&quot;],&quot;purposes&quot;:[],&quot;facilitiesType&quot;:[],&quot;currencies&quot;:[],&quot;minSpread&quot;:&quot;0&quot;,&quot;maxSpread&quot;:&quot;300&quot;,&quot;minTicketSize&quot;:&quot;50000000&quot;,&quot;maxTicketSize&quot;:&quot;500000000&quot;,&quot;minResidualTenor&quot;:&quot;3&quot;,&quot;maxResidualTenor&quot;:&quot;10&quot;,&quot;transferTypes&quot;:[],&quot;marketType&quot;:&quot;ANY&quot;,&quot;security&quot;:&quot;ANY&quot;,&quot;seniority&quot;:[],&quot;greenLoan&quot;:&quot;ANY&quot;,&quot;exportCreditAgency&quot;:&quot;ANY&quot;,&quot;parentCountries&quot;:[],&quot;investorType&quot;:[],&quot;filterCompanies&quot;:[],&quot;directInvitations&quot;:[]}

15:19:09.344 [ForkJoinPool-1-worker-3] DEBUG com.intuit.karate - response time in milliseconds: 301.53
1 &lt; 201
1 &lt; Cache-Control: no-cache, no-store, max-age=0, must-revalidate
1 &lt; Connection: keep-alive
1 &lt; Content-Type: application/json
1 &lt; Date: Sat, 18 Apr 2020 07:19:09 GMT
1 &lt; Expires: 0
1 &lt; Pragma: no-cache
1 &lt; Server: nginx/1.17.9
1 &lt; Transfer-Encoding: chunked
1 &lt; Vary: [Origin, Access-Control-Request-Method, Access-Control-Request-Headers]
1 &lt; X-Content-Type-Options: nosniff
1 &lt; X-Frame-Options: DENY
1 &lt; X-XSS-Protection: 1; mode=block
{&quot;buyInterestId&quot;:554,&quot;name&quot;:&quot;ioi-100&quot;,&quot;goodUntil&quot;:null,&quot;status&quot;:&quot;SUBMITTED&quot;,&quot;borrowers&quot;:[],&quot;industries&quot;:[&quot;Aerospace and Defense&quot;],&quot;countriesOfRisk&quot;:[&quot;AU&quot;],&quot;purposes&quot;:[],&quot;facilitiesType&quot;:[],&quot;minSpread&quot;:&quot;0&quot;,&quot;maxSpread&quot;:&quot;300&quot;,&quot;minResidualTenor&quot;:&quot;3&quot;,&quot;maxResidualTenor&quot;:&quot;10&quot;,&quot;minTicketSize&quot;:&quot;50000000&quot;,&quot;maxTicketSize&quot;:&quot;500000000&quot;,&quot;currencies&quot;:[],&quot;transferTypes&quot;:[],&quot;seniority&quot;:[],&quot;marketType&quot;:&quot;ANY&quot;,&quot;security&quot;:&quot;ANY&quot;,&quot;greenLoan&quot;:&quot;ANY&quot;,&quot;exportCreditAgency&quot;:&quot;ANY&quot;,&quot;parentCountries&quot;:[],&quot;investorType&quot;:[],&quot;filterCompanies&quot;:[],&quot;directInvitations&quot;:[]}

15:19:09.346 [ForkJoinPool-1-worker-3] INFO  com.intuit.karate - [print] ----------IOIID-------------&gt;554
15:19:09.353 [ForkJoinPool-1-worker-3] DEBUG com.intuit.karate - request:
1 &gt; POST http://ilex-test-fe-lb-317145507.ap-southeast-1.elb.amazonaws.com/api/trade/v1/buyinterests/?action=SUBMITTED
1 &gt; Accept-Encoding: gzip,deflate
1 &gt; Connection: Keep-Alive
1 &gt; Content-Length: 498
1 &gt; Content-Type: application/json; charset=UTF-8
1 &gt; Cookie: SESSION=NWMxMWI4OWYtM2MyMy00YTcwLWI5ZDktN2U3ZWYxMGNmYjBl
1 &gt; Host: ilex-test-fe-lb-317145507.ap-southeast-1.elb.amazonaws.com
1 &gt; User-Agent: Apache-HttpClient/4.5.5 (Java/13.0.2)
{&quot;name&quot;:&quot;ioi-100&quot;,&quot;goodUntil&quot;:null,&quot;borrowers&quot;:[],&quot;industries&quot;:[&quot;Aerospace and Defense&quot;],&quot;countriesOfRisk&quot;:[&quot;AU&quot;],&quot;purposes&quot;:[],&quot;facilitiesType&quot;:[],&quot;currencies&quot;:[],&quot;minSpread&quot;:&quot;0&quot;,&quot;maxSpread&quot;:&quot;300&quot;,&quot;minTicketSize&quot;:&quot;50000000&quot;,&quot;maxTicketSize&quot;:&quot;500000000&quot;,&quot;minResidualTenor&quot;:&quot;3&quot;,&quot;maxResidualTenor&quot;:&quot;10&quot;,&quot;transferTypes&quot;:[],&quot;marketType&quot;:&quot;ANY&quot;,&quot;security&quot;:&quot;ANY&quot;,&quot;seniority&quot;:[],&quot;greenLoan&quot;:&quot;ANY&quot;,&quot;exportCreditAgency&quot;:&quot;ANY&quot;,&quot;parentCountries&quot;:[],&quot;investorType&quot;:[],&quot;filterCompanies&quot;:[],&quot;directInvitations&quot;:[]}

15:19:09.748 [ForkJoinPool-1-worker-3] DEBUG com.intuit.karate - response time in milliseconds: 394.36
1 &lt; 201
1 &lt; Cache-Control: no-cache, no-store, max-age=0, must-revalidate
1 &lt; Connection: keep-alive
1 &lt; Content-Type: application/json
1 &lt; Date: Sat, 18 Apr 2020 07:19:09 GMT
1 &lt; Expires: 0
1 &lt; Pragma: no-cache
1 &lt; Server: nginx/1.17.9
1 &lt; Transfer-Encoding: chunked
1 &lt; Vary: [Origin, Access-Control-Request-Method, Access-Control-Request-Headers]
1 &lt; X-Content-Type-Options: nosniff
1 &lt; X-Frame-Options: DENY
1 &lt; X-XSS-Protection: 1; mode=block
{&quot;buyInterestId&quot;:555,&quot;name&quot;:&quot;ioi-100&quot;,&quot;goodUntil&quot;:null,&quot;status&quot;:&quot;SUBMITTED&quot;,&quot;borrowers&quot;:[],&quot;industries&quot;:[&quot;Aerospace and Defense&quot;],&quot;countriesOfRisk&quot;:[&quot;AU&quot;],&quot;purposes&quot;:[],&quot;facilitiesType&quot;:[],&quot;minSpread&quot;:&quot;0&quot;,&quot;maxSpread&quot;:&quot;300&quot;,&quot;minResidualTenor&quot;:&quot;3&quot;,&quot;maxResidualTenor&quot;:&quot;10&quot;,&quot;minTicketSize&quot;:&quot;50000000&quot;,&quot;maxTicketSize&quot;:&quot;500000000&quot;,&quot;currencies&quot;:[],&quot;transferTypes&quot;:[],&quot;seniority&quot;:[],&quot;marketType&quot;:&quot;ANY&quot;,&quot;security&quot;:&quot;ANY&quot;,&quot;greenLoan&quot;:&quot;ANY&quot;,&quot;exportCreditAgency&quot;:&quot;ANY&quot;,&quot;parentCountries&quot;:[],&quot;investorType&quot;:[],&quot;filterCompanies&quot;:[],&quot;directInvitations&quot;:[]}

15:19:09.751 [ForkJoinPool-1-worker-3] INFO  com.intuit.karate - [print] ----------IOIID-------------&gt;555
15:19:09.755 [ForkJoinPool-1-worker-3] DEBUG com.intuit.karate - request:
1 &gt; POST http://ilex-test-fe-lb-317145507.ap-southeast-1.elb.amazonaws.com/api/trade/v1/buyinterests/?action=SUBMITTED
1 &gt; Accept-Encoding: gzip,deflate
1 &gt; Connection: Keep-Alive
1 &gt; Content-Length: 498
1 &gt; Content-Type: application/json; charset=UTF-8
1 &gt; Cookie: SESSION=NWMxMWI4OWYtM2MyMy00YTcwLWI5ZDktN2U3ZWYxMGNmYjBl
1 &gt; Host: ilex-test-fe-lb-317145507.ap-southeast-1.elb.amazonaws.com
1 &gt; User-Agent: Apache-HttpClient/4.5.5 (Java/13.0.2)
{&quot;name&quot;:&quot;ioi-100&quot;,&quot;goodUntil&quot;:null,&quot;borrowers&quot;:[],&quot;industries&quot;:[&quot;Aerospace and Defense&quot;],&quot;countriesOfRisk&quot;:[&quot;AU&quot;],&quot;purposes&quot;:[],&quot;facilitiesType&quot;:[],&quot;currencies&quot;:[],&quot;minSpread&quot;:&quot;0&quot;,&quot;maxSpread&quot;:&quot;300&quot;,&quot;minTicketSize&quot;:&quot;50000000&quot;,&quot;maxTicketSize&quot;:&quot;500000000&quot;,&quot;minResidualTenor&quot;:&quot;3&quot;,&quot;maxResidualTenor&quot;:&quot;10&quot;,&quot;transferTypes&quot;:[],&quot;marketType&quot;:&quot;ANY&quot;,&quot;security&quot;:&quot;ANY&quot;,&quot;seniority&quot;:[],&quot;greenLoan&quot;:&quot;ANY&quot;,&quot;exportCreditAgency&quot;:&quot;ANY&quot;,&quot;parentCountries&quot;:[],&quot;investorType&quot;:[],&quot;filterCompanies&quot;:[],&quot;directInvitations&quot;:[]}

15:19:10.053 [ForkJoinPool-1-worker-3] DEBUG com.intuit.karate - response time in milliseconds: 295.36
1 &lt; 201
1 &lt; Cache-Control: no-cache, no-store, max-age=0, must-revalidate
1 &lt; Connection: keep-alive
1 &lt; Content-Type: application/json
1 &lt; Date: Sat, 18 Apr 2020 07:19:10 GMT
1 &lt; Expires: 0
1 &lt; Pragma: no-cache
1 &lt; Server: nginx/1.17.9
1 &lt; Transfer-Encoding: chunked
1 &lt; Vary: [Origin, Access-Control-Request-Method, Access-Control-Request-Headers]
1 &lt; X-Content-Type-Options: nosniff
1 &lt; X-Frame-Options: DENY
1 &lt; X-XSS-Protection: 1; mode=block
{&quot;buyInterestId&quot;:556,&quot;name&quot;:&quot;ioi-100&quot;,&quot;goodUntil&quot;:null,&quot;status&quot;:&quot;SUBMITTED&quot;,&quot;borrowers&quot;:[],&quot;industries&quot;:[&quot;Aerospace and Defense&quot;],&quot;countriesOfRisk&quot;:[&quot;AU&quot;],&quot;purposes&quot;:[],&quot;facilitiesType&quot;:[],&quot;minSpread&quot;:&quot;0&quot;,&quot;maxSpread&quot;:&quot;300&quot;,&quot;minResidualTenor&quot;:&quot;3&quot;,&quot;maxResidualTenor&quot;:&quot;10&quot;,&quot;minTicketSize&quot;:&quot;50000000&quot;,&quot;maxTicketSize&quot;:&quot;500000000&quot;,&quot;currencies&quot;:[],&quot;transferTypes&quot;:[],&quot;seniority&quot;:[],&quot;marketType&quot;:&quot;ANY&quot;,&quot;security&quot;:&quot;ANY&quot;,&quot;greenLoan&quot;:&quot;ANY&quot;,&quot;exportCreditAgency&quot;:&quot;ANY&quot;,&quot;parentCountries&quot;:[],&quot;investorType&quot;:[],&quot;filterCompanies&quot;:[],&quot;directInvitations&quot;:[]}

15:19:10.056 [ForkJoinPool-1-worker-3] INFO  com.intuit.karate - [print] ----------IOIID-------------&gt;556
15:19:10.059 [ForkJoinPool-1-worker-3] DEBUG com.intuit.karate - request:
1 &gt; POST http://ilex-test-fe-lb-317145507.ap-southeast-1.elb.amazonaws.com/api/trade/v1/buyinterests/?action=SUBMITTED
1 &gt; Accept-Encoding: gzip,deflate
1 &gt; Connection: Keep-Alive
1 &gt; Content-Length: 498
1 &gt; Content-Type: application/json; charset=UTF-8
1 &gt; Cookie: SESSION=NWMxMWI4OWYtM2MyMy00YTcwLWI5ZDktN2U3ZWYxMGNmYjBl
1 &gt; Host: ilex-test-fe-lb-317145507.ap-southeast-1.elb.amazonaws.com
1 &gt; User-Agent: Apache-HttpClient/4.5.5 (Java/13.0.2)
{&quot;name&quot;:&quot;ioi-100&quot;,&quot;goodUntil&quot;:null,&quot;borrowers&quot;:[],&quot;industries&quot;:[&quot;Aerospace and Defense&quot;],&quot;countriesOfRisk&quot;:[&quot;AU&quot;],&quot;purposes&quot;:[],&quot;facilitiesType&quot;:[],&quot;currencies&quot;:[],&quot;minSpread&quot;:&quot;0&quot;,&quot;maxSpread&quot;:&quot;300&quot;,&quot;minTicketSize&quot;:&quot;50000000&quot;,&quot;maxTicketSize&quot;:&quot;500000000&quot;,&quot;minResidualTenor&quot;:&quot;3&quot;,&quot;maxResidualTenor&quot;:&quot;10&quot;,&quot;transferTypes&quot;:[],&quot;marketType&quot;:&quot;ANY&quot;,&quot;security&quot;:&quot;ANY&quot;,&quot;seniority&quot;:[],&quot;greenLoan&quot;:&quot;ANY&quot;,&quot;exportCreditAgency&quot;:&quot;ANY&quot;,&quot;parentCountries&quot;:[],&quot;investorType&quot;:[],&quot;filterCompanies&quot;:[],&quot;directInvitations&quot;:[]}

15:19:10.466 [ForkJoinPool-1-worker-3] DEBUG com.intuit.karate - response time in milliseconds: 405.66
1 &lt; 201
1 &lt; Cache-Control: no-cache, no-store, max-age=0, must-revalidate
1 &lt; Connection: keep-alive
1 &lt; Content-Type: application/json
1 &lt; Date: Sat, 18 Apr 2020 07:19:10 GMT
1 &lt; Expires: 0
1 &lt; Pragma: no-cache
1 &lt; Server: nginx/1.17.9
1 &lt; Transfer-Encoding: chunked
1 &lt; Vary: [Origin, Access-Control-Request-Method, Access-Control-Request-Headers]
1 &lt; X-Content-Type-Options: nosniff
1 &lt; X-Frame-Options: DENY
1 &lt; X-XSS-Protection: 1; mode=block
{&quot;buyInterestId&quot;:557,&quot;name&quot;:&quot;ioi-100&quot;,&quot;goodUntil&quot;:null,&quot;status&quot;:&quot;SUBMITTED&quot;,&quot;borrowers&quot;:[],&quot;industries&quot;:[&quot;Aerospace and Defense&quot;],&quot;countriesOfRisk&quot;:[&quot;AU&quot;],&quot;purposes&quot;:[],&quot;facilitiesType&quot;:[],&quot;minSpread&quot;:&quot;0&quot;,&quot;maxSpread&quot;:&quot;300&quot;,&quot;minResidualTenor&quot;:&quot;3&quot;,&quot;maxResidualTenor&quot;:&quot;10&quot;,&quot;minTicketSize&quot;:&quot;50000000&quot;,&quot;maxTicketSize&quot;:&quot;500000000&quot;,&quot;currencies&quot;:[],&quot;transferTypes&quot;:[],&quot;seniority&quot;:[],&quot;marketType&quot;:&quot;ANY&quot;,&quot;security&quot;:&quot;ANY&quot;,&quot;greenLoan&quot;:&quot;ANY&quot;,&quot;exportCreditAgency&quot;:&quot;ANY&quot;,&quot;parentCountries&quot;:[],&quot;investorType&quot;:[],&quot;filterCompanies&quot;:[],&quot;directInvitations&quot;:[]}

15:19:10.468 [ForkJoinPool-1-worker-3] INFO  com.intuit.karate - [print] ----------IOIID-------------&gt;557
15:19:10.471 [ForkJoinPool-1-worker-3] DEBUG com.intuit.karate - request:
1 &gt; POST http://ilex-test-fe-lb-317145507.ap-southeast-1.elb.amazonaws.com/api/trade/v1/buyinterests/?action=SUBMITTED
1 &gt; Accept-Encoding: gzip,deflate
1 &gt; Connection: Keep-Alive
1 &gt; Content-Length: 498
1 &gt; Content-Type: application/json; charset=UTF-8
1 &gt; Cookie: SESSION=NWMxMWI4OWYtM2MyMy00YTcwLWI5ZDktN2U3ZWYxMGNmYjBl
1 &gt; Host: ilex-test-fe-lb-317145507.ap-southeast-1.elb.amazonaws.com
1 &gt; User-Agent: Apache-HttpClient/4.5.5 (Java/13.0.2)
{&quot;name&quot;:&quot;ioi-100&quot;,&quot;goodUntil&quot;:null,&quot;borrowers&quot;:[],&quot;industries&quot;:[&quot;Aerospace and Defense&quot;],&quot;countriesOfRisk&quot;:[&quot;AU&quot;],&quot;purposes&quot;:[],&quot;facilitiesType&quot;:[],&quot;currencies&quot;:[],&quot;minSpread&quot;:&quot;0&quot;,&quot;maxSpread&quot;:&quot;300&quot;,&quot;minTicketSize&quot;:&quot;50000000&quot;,&quot;maxTicketSize&quot;:&quot;500000000&quot;,&quot;minResidualTenor&quot;:&quot;3&quot;,&quot;maxResidualTenor&quot;:&quot;10&quot;,&quot;transferTypes&quot;:[],&quot;marketType&quot;:&quot;ANY&quot;,&quot;security&quot;:&quot;ANY&quot;,&quot;seniority&quot;:[],&quot;greenLoan&quot;:&quot;ANY&quot;,&quot;exportCreditAgency&quot;:&quot;ANY&quot;,&quot;parentCountries&quot;:[],&quot;investorType&quot;:[],&quot;filterCompanies&quot;:[],&quot;directInvitations&quot;:[]}

15:19:10.765 [ForkJoinPool-1-worker-3] DEBUG com.intuit.karate - response time in milliseconds: 293.28
1 &lt; 201
1 &lt; Cache-Control: no-cache, no-store, max-age=0, must-revalidate
1 &lt; Connection: keep-alive
1 &lt; Content-Type: application/json
1 &lt; Date: Sat, 18 Apr 2020 07:19:10 GMT
1 &lt; Expires: 0
1 &lt; Pragma: no-cache
1 &lt; Server: nginx/1.17.9
1 &lt; Transfer-Encoding: chunked
1 &lt; Vary: [Origin, Access-Control-Request-Method, Access-Control-Request-Headers]
1 &lt; X-Content-Type-Options: nosniff
1 &lt; X-Frame-Options: DENY
1 &lt; X-XSS-Protection: 1; mode=block
{&quot;buyInterestId&quot;:558,&quot;name&quot;:&quot;ioi-100&quot;,&quot;goodUntil&quot;:null,&quot;status&quot;:&quot;SUBMITTED&quot;,&quot;borrowers&quot;:[],&quot;industries&quot;:[&quot;Aerospace and Defense&quot;],&quot;countriesOfRisk&quot;:[&quot;AU&quot;],&quot;purposes&quot;:[],&quot;facilitiesType&quot;:[],&quot;minSpread&quot;:&quot;0&quot;,&quot;maxSpread&quot;:&quot;300&quot;,&quot;minResidualTenor&quot;:&quot;3&quot;,&quot;maxResidualTenor&quot;:&quot;10&quot;,&quot;minTicketSize&quot;:&quot;50000000&quot;,&quot;maxTicketSize&quot;:&quot;500000000&quot;,&quot;currencies&quot;:[],&quot;transferTypes&quot;:[],&quot;seniority&quot;:[],&quot;marketType&quot;:&quot;ANY&quot;,&quot;security&quot;:&quot;ANY&quot;,&quot;greenLoan&quot;:&quot;ANY&quot;,&quot;exportCreditAgency&quot;:&quot;ANY&quot;,&quot;parentCountries&quot;:[],&quot;investorType&quot;:[],&quot;filterCompanies&quot;:[],&quot;directInvitations&quot;:[]}

15:19:10.767 [ForkJoinPool-1-worker-3] INFO  com.intuit.karate - [print] ----------IOIID-------------&gt;558
15:19:10.770 [ForkJoinPool-1-worker-3] DEBUG com.intuit.karate - request:
1 &gt; POST http://ilex-test-fe-lb-317145507.ap-southeast-1.elb.amazonaws.com/api/trade/v1/buyinterests/?action=SUBMITTED
1 &gt; Accept-Encoding: gzip,deflate
1 &gt; Connection: Keep-Alive
1 &gt; Content-Length: 498
1 &gt; Content-Type: application/json; charset=UTF-8
1 &gt; Cookie: SESSION=NWMxMWI4OWYtM2MyMy00YTcwLWI5ZDktN2U3ZWYxMGNmYjBl
1 &gt; Host: ilex-test-fe-lb-317145507.ap-southeast-1.elb.amazonaws.com
1 &gt; User-Agent: Apache-HttpClient/4.5.5 (Java/13.0.2)
{&quot;name&quot;:&quot;ioi-100&quot;,&quot;goodUntil&quot;:null,&quot;borrowers&quot;:[],&quot;industries&quot;:[&quot;Aerospace and Defense&quot;],&quot;countriesOfRisk&quot;:[&quot;AU&quot;],&quot;purposes&quot;:[],&quot;facilitiesType&quot;:[],&quot;currencies&quot;:[],&quot;minSpread&quot;:&quot;0&quot;,&quot;maxSpread&quot;:&quot;300&quot;,&quot;minTicketSize&quot;:&quot;50000000&quot;,&quot;maxTicketSize&quot;:&quot;500000000&quot;,&quot;minResidualTenor&quot;:&quot;3&quot;,&quot;maxResidualTenor&quot;:&quot;10&quot;,&quot;transferTypes&quot;:[],&quot;marketType&quot;:&quot;ANY&quot;,&quot;security&quot;:&quot;ANY&quot;,&quot;seniority&quot;:[],&quot;greenLoan&quot;:&quot;ANY&quot;,&quot;exportCreditAgency&quot;:&quot;ANY&quot;,&quot;parentCountries&quot;:[],&quot;investorType&quot;:[],&quot;filterCompanies&quot;:[],&quot;directInvitations&quot;:[]}

15:19:11.057 [ForkJoinPool-1-worker-3] DEBUG com.intuit.karate - response time in milliseconds: 286.54
1 &lt; 201
1 &lt; Cache-Control: no-cache, no-store, max-age=0, must-revalidate
1 &lt; Connection: keep-alive
1 &lt; Content-Type: application/json
1 &lt; Date: Sat, 18 Apr 2020 07:19:11 GMT
1 &lt; Expires: 0
1 &lt; Pragma: no-cache
1 &lt; Server: nginx/1.17.9
1 &lt; Transfer-Encoding: chunked
1 &lt; Vary: [Origin, Access-Control-Request-Method, Access-Control-Request-Headers]
1 &lt; X-Content-Type-Options: nosniff
1 &lt; X-Frame-Options: DENY
1 &lt; X-XSS-Protection: 1; mode=block
{&quot;buyInterestId&quot;:559,&quot;name&quot;:&quot;ioi-100&quot;,&quot;goodUntil&quot;:null,&quot;status&quot;:&quot;SUBMITTED&quot;,&quot;borrowers&quot;:[],&quot;industries&quot;:[&quot;Aerospace and Defense&quot;],&quot;countriesOfRisk&quot;:[&quot;AU&quot;],&quot;purposes&quot;:[],&quot;facilitiesType&quot;:[],&quot;minSpread&quot;:&quot;0&quot;,&quot;maxSpread&quot;:&quot;300&quot;,&quot;minResidualTenor&quot;:&quot;3&quot;,&quot;maxResidualTenor&quot;:&quot;10&quot;,&quot;minTicketSize&quot;:&quot;50000000&quot;,&quot;maxTicketSize&quot;:&quot;500000000&quot;,&quot;currencies&quot;:[],&quot;transferTypes&quot;:[],&quot;seniority&quot;:[],&quot;marketType&quot;:&quot;ANY&quot;,&quot;security&quot;:&quot;ANY&quot;,&quot;greenLoan&quot;:&quot;ANY&quot;,&quot;exportCreditAgency&quot;:&quot;ANY&quot;,&quot;parentCountries&quot;:[],&quot;investorType&quot;:[],&quot;filterCompanies&quot;:[],&quot;directInvitations&quot;:[]}

15:19:11.059 [ForkJoinPool-1-worker-3] INFO  com.intuit.karate - [print] ----------IOIID-------------&gt;559
15:19:11.063 [ForkJoinPool-1-worker-3] DEBUG com.intuit.karate - request:
1 &gt; POST http://ilex-test-fe-lb-317145507.ap-southeast-1.elb.amazonaws.com/api/trade/v1/buyinterests/?action=SUBMITTED
1 &gt; Accept-Encoding: gzip,deflate
1 &gt; Connection: Keep-Alive
1 &gt; Content-Length: 498
1 &gt; Content-Type: application/json; charset=UTF-8
1 &gt; Cookie: SESSION=NWMxMWI4OWYtM2MyMy00YTcwLWI5ZDktN2U3ZWYxMGNmYjBl
1 &gt; Host: ilex-test-fe-lb-317145507.ap-southeast-1.elb.amazonaws.com
1 &gt; User-Agent: Apache-HttpClient/4.5.5 (Java/13.0.2)
{&quot;name&quot;:&quot;ioi-100&quot;,&quot;goodUntil&quot;:null,&quot;borrowers&quot;:[],&quot;industries&quot;:[&quot;Aerospace and Defense&quot;],&quot;countriesOfRisk&quot;:[&quot;AU&quot;],&quot;purposes&quot;:[],&quot;facilitiesType&quot;:[],&quot;currencies&quot;:[],&quot;minSpread&quot;:&quot;0&quot;,&quot;maxSpread&quot;:&quot;300&quot;,&quot;minTicketSize&quot;:&quot;50000000&quot;,&quot;maxTicketSize&quot;:&quot;500000000&quot;,&quot;minResidualTenor&quot;:&quot;3&quot;,&quot;maxResidualTenor&quot;:&quot;10&quot;,&quot;transferTypes&quot;:[],&quot;marketType&quot;:&quot;ANY&quot;,&quot;security&quot;:&quot;ANY&quot;,&quot;seniority&quot;:[],&quot;greenLoan&quot;:&quot;ANY&quot;,&quot;exportCreditAgency&quot;:&quot;ANY&quot;,&quot;parentCountries&quot;:[],&quot;investorType&quot;:[],&quot;filterCompanies&quot;:[],&quot;directInvitations&quot;:[]}

15:19:11.398 [ForkJoinPool-1-worker-3] DEBUG com.intuit.karate - response time in milliseconds: 334.58
1 &lt; 201
1 &lt; Cache-Control: no-cache, no-store, max-age=0, must-revalidate
1 &lt; Connection: keep-alive
1 &lt; Content-Type: application/json
1 &lt; Date: Sat, 18 Apr 2020 07:19:11 GMT
1 &lt; Expires: 0
1 &lt; Pragma: no-cache
1 &lt; Server: nginx/1.17.9
1 &lt; Transfer-Encoding: chunked
1 &lt; Vary: [Origin, Access-Control-Request-Method, Access-Control-Request-Headers]
1 &lt; X-Content-Type-Options: nosniff
1 &lt; X-Frame-Options: DENY
1 &lt; X-XSS-Protection: 1; mode=block
{&quot;buyInterestId&quot;:560,&quot;name&quot;:&quot;ioi-100&quot;,&quot;goodUntil&quot;:null,&quot;status&quot;:&quot;SUBMITTED&quot;,&quot;borrowers&quot;:[],&quot;industries&quot;:[&quot;Aerospace and Defense&quot;],&quot;countriesOfRisk&quot;:[&quot;AU&quot;],&quot;purposes&quot;:[],&quot;facilitiesType&quot;:[],&quot;minSpread&quot;:&quot;0&quot;,&quot;maxSpread&quot;:&quot;300&quot;,&quot;minResidualTenor&quot;:&quot;3&quot;,&quot;maxResidualTenor&quot;:&quot;10&quot;,&quot;minTicketSize&quot;:&quot;50000000&quot;,&quot;maxTicketSize&quot;:&quot;500000000&quot;,&quot;currencies&quot;:[],&quot;transferTypes&quot;:[],&quot;seniority&quot;:[],&quot;marketType&quot;:&quot;ANY&quot;,&quot;security&quot;:&quot;ANY&quot;,&quot;greenLoan&quot;:&quot;ANY&quot;,&quot;exportCreditAgency&quot;:&quot;ANY&quot;,&quot;parentCountries&quot;:[],&quot;investorType&quot;:[],&quot;filterCompanies&quot;:[],&quot;directInvitations&quot;:[]}

15:19:11.401 [ForkJoinPool-1-worker-3] INFO  com.intuit.karate - [print] ----------IOIID-------------&gt;560
15:19:11.404 [ForkJoinPool-1-worker-3] DEBUG com.intuit.karate - request:
1 &gt; POST http://ilex-test-fe-lb-317145507.ap-southeast-1.elb.amazonaws.com/api/trade/v1/buyinterests/?action=SUBMITTED
1 &gt; Accept-Encoding: gzip,deflate
1 &gt; Connection: Keep-Alive
1 &gt; Content-Length: 498
1 &gt; Content-Type: application/json; charset=UTF-8
1 &gt; Cookie: SESSION=NWMxMWI4OWYtM2MyMy00YTcwLWI5ZDktN2U3ZWYxMGNmYjBl
1 &gt; Host: ilex-test-fe-lb-317145507.ap-southeast-1.elb.amazonaws.com
1 &gt; User-Agent: Apache-HttpClient/4.5.5 (Java/13.0.2)
{&quot;name&quot;:&quot;ioi-100&quot;,&quot;goodUntil&quot;:null,&quot;borrowers&quot;:[],&quot;industries&quot;:[&quot;Aerospace and Defense&quot;],&quot;countriesOfRisk&quot;:[&quot;AU&quot;],&quot;purposes&quot;:[],&quot;facilitiesType&quot;:[],&quot;currencies&quot;:[],&quot;minSpread&quot;:&quot;0&quot;,&quot;maxSpread&quot;:&quot;300&quot;,&quot;minTicketSize&quot;:&quot;50000000&quot;,&quot;maxTicketSize&quot;:&quot;500000000&quot;,&quot;minResidualTenor&quot;:&quot;3&quot;,&quot;maxResidualTenor&quot;:&quot;10&quot;,&quot;transferTypes&quot;:[],&quot;marketType&quot;:&quot;ANY&quot;,&quot;security&quot;:&quot;ANY&quot;,&quot;seniority&quot;:[],&quot;greenLoan&quot;:&quot;ANY&quot;,&quot;exportCreditAgency&quot;:&quot;ANY&quot;,&quot;parentCountries&quot;:[],&quot;investorType&quot;:[],&quot;filterCompanies&quot;:[],&quot;directInvitations&quot;:[]}

15:19:11.815 [ForkJoinPool-1-worker-3] DEBUG com.intuit.karate - response time in milliseconds: 409.83
1 &lt; 201
1 &lt; Cache-Control: no-cache, no-store, max-age=0, must-revalidate
1 &lt; Connection: keep-alive
1 &lt; Content-Type: application/json
1 &lt; Date: Sat, 18 Apr 2020 07:19:11 GMT
1 &lt; Expires: 0
1 &lt; Pragma: no-cache
1 &lt; Server: nginx/1.17.9
1 &lt; Transfer-Encoding: chunked
1 &lt; Vary: [Origin, Access-Control-Request-Method, Access-Control-Request-Headers]
1 &lt; X-Content-Type-Options: nosniff
1 &lt; X-Frame-Options: DENY
1 &lt; X-XSS-Protection: 1; mode=block
{&quot;buyInterestId&quot;:561,&quot;name&quot;:&quot;ioi-100&quot;,&quot;goodUntil&quot;:null,&quot;status&quot;:&quot;SUBMITTED&quot;,&quot;borrowers&quot;:[],&quot;industries&quot;:[&quot;Aerospace and Defense&quot;],&quot;countriesOfRisk&quot;:[&quot;AU&quot;],&quot;purposes&quot;:[],&quot;facilitiesType&quot;:[],&quot;minSpread&quot;:&quot;0&quot;,&quot;maxSpread&quot;:&quot;300&quot;,&quot;minResidualTenor&quot;:&quot;3&quot;,&quot;maxResidualTenor&quot;:&quot;10&quot;,&quot;minTicketSize&quot;:&quot;50000000&quot;,&quot;maxTicketSize&quot;:&quot;500000000&quot;,&quot;currencies&quot;:[],&quot;transferTypes&quot;:[],&quot;seniority&quot;:[],&quot;marketType&quot;:&quot;ANY&quot;,&quot;security&quot;:&quot;ANY&quot;,&quot;greenLoan&quot;:&quot;ANY&quot;,&quot;exportCreditAgency&quot;:&quot;ANY&quot;,&quot;parentCountries&quot;:[],&quot;investorType&quot;:[],&quot;filterCompanies&quot;:[],&quot;directInvitations&quot;:[]}

15:19:11.817 [ForkJoinPool-1-worker-3] INFO  com.intuit.karate - [print] ----------IOIID-------------&gt;561
15:19:11.825 [ForkJoinPool-1-worker-3] DEBUG com.intuit.karate - request:
1 &gt; POST http://ilex-test-fe-lb-317145507.ap-southeast-1.elb.amazonaws.com/api/trade/login
1 &gt; Accept-Encoding: gzip,deflate
1 &gt; Connection: Keep-Alive
1 &gt; Content-Length: 51
1 &gt; Content-Type: application/json; charset=UTF-8
1 &gt; Host: ilex-test-fe-lb-317145507.ap-southeast-1.elb.amazonaws.com
1 &gt; User-Agent: Apache-HttpClient/4.5.5 (Java/13.0.2)
{&quot;username&quot;:&quot;Buyer@comp.com&quot;,&quot;password&quot;:&quot;password&quot;}

15:19:12.023 [ForkJoinPool-1-worker-3] DEBUG com.intuit.karate - response time in milliseconds: 196.62
1 &lt; 200
1 &lt; Cache-Control: no-cache, no-store, max-age=0, must-revalidate
1 &lt; Connection: keep-alive
1 &lt; Content-Type: application/json;charset=ISO-8859-1
1 &lt; Date: Sat, 18 Apr 2020 07:19:12 GMT
1 &lt; Expires: 0
1 &lt; Pragma: no-cache
1 &lt; Server: nginx/1.17.9
1 &lt; Set-Cookie: SESSION=YTBkNjQ4OWMtNjA5YS00ZGFhLWIyOGYtYzZmZmI4MzlmNWFj; Path=/; HttpOnly; SameSite=Lax
1 &lt; Transfer-Encoding: chunked
1 &lt; X-Content-Type-Options: nosniff
1 &lt; X-Frame-Options: DENY
1 &lt; X-XSS-Protection: 1; mode=block
{&quot;firstName&quot;:&quot;Test Buyer&quot;,&quot;lastName&quot;:&quot;Lastname&quot;,&quot;emailAddress&quot;:&quot;Buyer@comp.com&quot;,&quot;role&quot;:[&quot;USER&quot;],&quot;userId&quot;:2,&quot;company&quot;:{&quot;id&quot;:39347,&quot;name&quot;:&quot;Scotiabank&quot;,&quot;legalName&quot;:null,&quot;type&quot;:null,&quot;description&quot;:null,&quot;parentEntity&quot;:null,&quot;country&quot;:null,&quot;website&quot;:null,&quot;logo&quot;:null,&quot;refinitivLenderId&quot;:null,&quot;refinitivParent&quot;:null,&quot;ilexType&quot;:null,&quot;timeZone&quot;:null,&quot;status&quot;:null}}

15:19:12.026 [ForkJoinPool-1-worker-3] INFO  com.intuit.karate - [print]
*************Hostname******ilex-test-db.cx1qnvkee43t.ap-southeast-1.rds.amazonaws.com
*************Post******5432
*************Databasename******ilextest
Loading driver...
Driver loaded!
SQLException: The connection attempt failed.
SQLState: 08001
VendorError: 0
Closing the connection.
15:19:22.044 [ForkJoinPool-1-worker-3] INFO  com.intuit.karate - [print] Count After Creating IOI-----------------&gt; 0
15:19:22.055 [ForkJoinPool-1-worker-3] ERROR com.intuit.karate - assertion failed: assert evaluated to false: temp == &apos;11&apos;
15:19:22.196 [pool-1-thread-1] INFO  com.intuit.karate.Runner - &lt;&lt;fail&gt;&gt; feature 1 of 1: classpath:Ilex/IOI/IOI.feature
---------------------------------------------------------
feature: classpath:Ilex/IOI/IOI.feature
report: target/cucumber-html-reports/Ilex.IOI.IOI.json
scenarios: 13 | passed: 11 | failed:  2 | time: 34.8301
---------------------------------------------------------
Karate version: 0.9.2
======================================================
elapsed:  36.30 | threads:    1 | thread time: 34.83 
features:     1 | ignored:    0 | efficiency: 0.96
scenarios:   13 | passed:    11 | failed: 2
======================================================
failed features:
Ilex.IOI.IOI: IOI.feature:34 - javascript evaluation failed: temp == &apos;0&apos;, ReferenceError: &quot;temp&quot; is not defined in &lt;eval&gt; at line number 1
IOI.feature:87 - assert evaluated to false: temp == &apos;11&apos;

</system-out>
    <system-err>Warning: Nashorn engine is planned to be removed from a future JDK release
ERROR StatusLogger No log4j2 configuration file found. Using default configuration: logging only errors to the console. Set system property &apos;org.apache.logging.log4j.simplelog.StatusLogger.level&apos; to TRACE to show Log4j2 internal initialization logging.
</system-err>
  </testcase>
</testsuite>